# JRE version: OpenJDK Runtime Environment (8.0_242-b01) (build 1.8.0_242-release-1644-b01)
# Java VM: OpenJDK 64-Bit Server VM (25.242-b01 mixed mode windows-amd64 compressed oops)
Heap:
 PSYoungGen      total 500224K, used 211985K [0x00000000d5580000, 0x00000000fef80000, 0x0000000100000000)
  eden space 344064K, 52% used [0x00000000d5580000,0x00000000e056a8f0,0x00000000ea580000)
  from space 156160K, 20% used [0x00000000ea580000,0x00000000ec499da0,0x00000000f3e00000)
  to   space 146432K, 0% used [0x00000000f6080000,0x00000000f6080000,0x00000000fef80000)
 ParOldGen       total 306176K, used 257624K [0x0000000080000000, 0x0000000092b00000, 0x00000000d5580000)
  object space 306176K, 84% used [0x0000000080000000,0x000000008fb961c8,0x0000000092b00000)
 Metaspace       used 147826K, capacity 156552K, committed 156696K, reserved 1185792K
  class space    used 19147K, capacity 20772K, committed 20784K, reserved 1048576K
GC Heap History (10 events):
Event: 6750.182 GC heap before
{Heap before GC invocations=51 (full 6):
 PSYoungGen      total 430592K, used 409238K [0x00000000d5580000, 0x00000000fad80000, 0x0000000100000000)
  eden space 296960K, 100% used [0x00000000d5580000,0x00000000e7780000,0x00000000e7780000)
  from space 133632K, 84% used [0x00000000f0600000,0x00000000f73a5920,0x00000000f8880000)
  to   space 145920K, 0% used [0x00000000e7780000,0x00000000e7780000,0x00000000f0600000)
 ParOldGen       total 306176K, used 168308K [0x0000000080000000, 0x0000000092b00000, 0x00000000d5580000)
  object space 306176K, 54% used [0x0000000080000000,0x000000008a45d308,0x0000000092b00000)
 Metaspace       used 146717K, capacity 155180K, committed 155288K, reserved 1183744K
  class space    used 19034K, capacity 20620K, committed 20656K, reserved 1048576K
Event: 6750.922 GC heap after
Heap after GC invocations=51 (full 6):
 PSYoungGen      total 442880K, used 106512K [0x00000000d5580000, 0x00000000fd400000, 0x0000000100000000)
  eden space 296960K, 0% used [0x00000000d5580000,0x00000000d5580000,0x00000000e7780000)
  from space 145920K, 72% used [0x00000000e7780000,0x00000000edf843b8,0x00000000f0600000)
  to   space 153600K, 0% used [0x00000000f3e00000,0x00000000f3e00000,0x00000000fd400000)
 ParOldGen       total 306176K, used 177102K [0x0000000080000000, 0x0000000092b00000, 0x00000000d5580000)
  object space 306176K, 57% used [0x0000000080000000,0x000000008acf3990,0x0000000092b00000)
 Metaspace       used 146717K, capacity 155180K, committed 155288K, reserved 1183744K
  class space    used 19034K, capacity 20620K, committed 20656K, reserved 1048576K
}
Event: 6755.260 GC heap before
{Heap before GC invocations=52 (full 6):
 PSYoungGen      total 442880K, used 403472K [0x00000000d5580000, 0x00000000fd400000, 0x0000000100000000)
  eden space 296960K, 100% used [0x00000000d5580000,0x00000000e7780000,0x00000000e7780000)
  from space 145920K, 72% used [0x00000000e7780000,0x00000000edf843b8,0x00000000f0600000)
  to   space 153600K, 0% used [0x00000000f3e00000,0x00000000f3e00000,0x00000000fd400000)
 ParOldGen       total 306176K, used 177102K [0x0000000080000000, 0x0000000092b00000, 0x00000000d5580000)
  object space 306176K, 57% used [0x0000000080000000,0x000000008acf3990,0x0000000092b00000)
 Metaspace       used 147517K, capacity 156300K, committed 156440K, reserved 1185792K
  class space    used 19141K, capacity 20766K, committed 20784K, reserved 1048576K
Event: 6756.472 GC heap after
Heap after GC invocations=52 (full 6):
 PSYoungGen      total 497664K, used 98699K [0x00000000d5580000, 0x00000000fd880000, 0x0000000100000000)
  eden space 344064K, 0% used [0x00000000d5580000,0x00000000d5580000,0x00000000ea580000)
  from space 153600K, 64% used [0x00000000f3e00000,0x00000000f9e62ea0,0x00000000fd400000)
  to   space 156160K, 0% used [0x00000000ea580000,0x00000000ea580000,0x00000000f3e00000)
 ParOldGen       total 306176K, used 182052K [0x0000000080000000, 0x0000000092b00000, 0x00000000d5580000)
  object space 306176K, 59% used [0x0000000080000000,0x000000008b1c93e0,0x0000000092b00000)
 Metaspace       used 147517K, capacity 156300K, committed 156440K, reserved 1185792K
  class space    used 19141K, capacity 20766K, committed 20784K, reserved 1048576K
}
Event: 6760.814 GC heap before
{Heap before GC invocations=53 (full 6):
 PSYoungGen      total 497664K, used 442763K [0x00000000d5580000, 0x00000000fd880000, 0x0000000100000000)
  eden space 344064K, 100% used [0x00000000d5580000,0x00000000ea580000,0x00000000ea580000)
  from space 153600K, 64% used [0x00000000f3e00000,0x00000000f9e62ea0,0x00000000fd400000)
  to   space 156160K, 0% used [0x00000000ea580000,0x00000000ea580000,0x00000000f3e00000)
 ParOldGen       total 306176K, used 182052K [0x0000000080000000, 0x0000000092b00000, 0x00000000d5580000)
  object space 306176K, 59% used [0x0000000080000000,0x000000008b1c93e0,0x0000000092b00000)
 Metaspace       used 147542K, capacity 156300K, committed 156440K, reserved 1185792K
  class space    used 19141K, capacity 20766K, committed 20784K, reserved 1048576K
Event: 6763.104 GC heap after
Heap after GC invocations=53 (full 6):
 PSYoungGen      total 500224K, used 82246K [0x00000000d5580000, 0x00000000fd880000, 0x0000000100000000)
  eden space 344064K, 0% used [0x00000000d5580000,0x00000000d5580000,0x00000000ea580000)
  from space 156160K, 52% used [0x00000000ea580000,0x00000000ef5d19e8,0x00000000f3e00000)
  to   space 153600K, 0% used [0x00000000f3e00000,0x00000000f3e00000,0x00000000fd400000)
 ParOldGen       total 306176K, used 203292K [0x0000000080000000, 0x0000000092b00000, 0x00000000d5580000)
  object space 306176K, 66% used [0x0000000080000000,0x000000008c687300,0x0000000092b00000)
 Metaspace       used 147542K, capacity 156300K, committed 156440K, reserved 1185792K
  class space    used 19141K, capacity 20766K, committed 20784K, reserved 1048576K
}
Event: 6764.751 GC heap before
{Heap before GC invocations=54 (full 6):
 PSYoungGen      total 500224K, used 426310K [0x00000000d5580000, 0x00000000fd880000, 0x0000000100000000)
  eden space 344064K, 100% used [0x00000000d5580000,0x00000000ea580000,0x00000000ea580000)
  from space 156160K, 52% used [0x00000000ea580000,0x00000000ef5d19e8,0x00000000f3e00000)
  to   space 153600K, 0% used [0x00000000f3e00000,0x00000000f3e00000,0x00000000fd400000)
 ParOldGen       total 306176K, used 203292K [0x0000000080000000, 0x0000000092b00000, 0x00000000d5580000)
  object space 306176K, 66% used [0x0000000080000000,0x000000008c687300,0x0000000092b00000)
 Metaspace       used 147622K, capacity 156400K, committed 156440K, reserved 1185792K
  class space    used 19145K, capacity 20772K, committed 20784K, reserved 1048576K
Event: 6765.615 GC heap after
Heap after GC invocations=54 (full 6):
 PSYoungGen      total 497664K, used 48846K [0x00000000d5580000, 0x00000000fd880000, 0x0000000100000000)
  eden space 344064K, 0% used [0x00000000d5580000,0x00000000d5580000,0x00000000ea580000)
  from space 153600K, 31% used [0x00000000f3e00000,0x00000000f6db3928,0x00000000fd400000)
  to   space 156160K, 0% used [0x00000000ea580000,0x00000000ea580000,0x00000000f3e00000)
 ParOldGen       total 306176K, used 230029K [0x0000000080000000, 0x0000000092b00000, 0x00000000d5580000)
  object space 306176K, 75% used [0x0000000080000000,0x000000008e0a3408,0x0000000092b00000)
 Metaspace       used 147622K, capacity 156400K, committed 156440K, reserved 1185792K
  class space    used 19145K, capacity 20772K, committed 20784K, reserved 1048576K
}
Event: 6767.473 GC heap before
{Heap before GC invocations=55 (full 6):
 PSYoungGen      total 497664K, used 392910K [0x00000000d5580000, 0x00000000fd880000, 0x0000000100000000)
  eden space 344064K, 100% used [0x00000000d5580000,0x00000000ea580000,0x00000000ea580000)
  from space 153600K, 31% used [0x00000000f3e00000,0x00000000f6db3928,0x00000000fd400000)
  to   space 156160K, 0% used [0x00000000ea580000,0x00000000ea580000,0x00000000f3e00000)
 ParOldGen       total 306176K, used 230029K [0x0000000080000000, 0x0000000092b00000, 0x00000000d5580000)
  object space 306176K, 75% used [0x0000000080000000,0x000000008e0a3408,0x0000000092b00000)
 Metaspace       used 147782K, capacity 156544K, committed 156696K, reserved 1185792K
  class space    used 19147K, capacity 20772K, committed 20784K, reserved 1048576K
Event: 6767.770 GC heap after
Heap after GC invocations=55 (full 6):
 PSYoungGen      total 500224K, used 31847K [0x00000000d5580000, 0x00000000fef80000, 0x0000000100000000)
  eden space 344064K, 0% used [0x00000000d5580000,0x00000000d5580000,0x00000000ea580000)
  from space 156160K, 20% used [0x00000000ea580000,0x00000000ec499da0,0x00000000f3e00000)
  to   space 146432K, 0% used [0x00000000f6080000,0x00000000f6080000,0x00000000fef80000)
 ParOldGen       total 306176K, used 257624K [0x0000000080000000, 0x0000000092b00000, 0x00000000d5580000)
  object space 306176K, 84% used [0x0000000080000000,0x000000008fb961c8,0x0000000092b00000)
 Metaspace       used 147782K, capacity 156544K, committed 156696K, reserved 1185792K
  class space    used 19147K, capacity 20772K, committed 20784K, reserved 1048576K
}

